<?xml version="1.0" encoding="UTF-8"?>
<!-- Generated by org.testng.reporters.JUnitReportReporter -->
<testsuite hostname="LAPTOP-QHK8KGDB" failures="0" tests="2" name="com.webtable.WebTable_GetCityName_FirstRowOfFirstCell" time="1.630" errors="1" timestamp="2024-07-23T10:29:49 IST" skipped="1">
  <testcase classname="com.webtable.WebTable_GetCityName_FirstRowOfFirstCell" name="applicationLauch" time="1.630">
    <error message="session not created: This version of ChromeDriver only supports Chrome version 123
Current browser version is 126.0.6478.182 with binary path C:\Program Files\Google\Chrome\Application\chrome.exe
Build info: version: &#039;3.141.59&#039;, revision: &#039;e82be7d358&#039;, time: &#039;2018-11-14T08:25:53&#039;
System info: host: &#039;LAPTOP-QHK8KGDB&#039;, ip: &#039;192.168.137.1&#039;, os.name: &#039;Windows 11&#039;, os.arch: &#039;amd64&#039;, os.version: &#039;10.0&#039;, java.version: &#039;17.0.10&#039;
Driver info: driver.version: ChromeDriver
remote stacktrace: 	GetHandleVerifier [0x00007FF7DE247032+63090]
	(No symbol) [0x00007FF7DE1B2C82]
	(No symbol) [0x00007FF7DE04EC65]
	(No symbol) [0x00007FF7DE0854C2]
	(No symbol) [0x00007FF7DE0848CF]
	(No symbol) [0x00007FF7DE07E8C5]
	(No symbol) [0x00007FF7DE07B2F4]
	(No symbol) [0x00007FF7DE0C0BFB]
	(No symbol) [0x00007FF7DE0C0830]
	(No symbol) [0x00007FF7DE0B6D83]
	(No symbol) [0x00007FF7DE0883A8]
	(No symbol) [0x00007FF7DE089441]
	GetHandleVerifier [0x00007FF7DE6425AD+4238317]
	GetHandleVerifier [0x00007FF7DE67F70D+4488525]
	GetHandleVerifier [0x00007FF7DE6779EF+4456495]
	GetHandleVerifier [0x00007FF7DE320576+953270]
	(No symbol) [0x00007FF7DE1BE54F]
	(No symbol) [0x00007FF7DE1B9224]
	(No symbol) [0x00007FF7DE1B935B]
	(No symbol) [0x00007FF7DE1A9B94]
	BaseThreadInitThunk [0x00007FFF8FCC257D+29]
	RtlUserThreadStart [0x00007FFF90ECAF28+40]
" type="org.openqa.selenium.SessionNotCreatedException">
      <![CDATA[org.openqa.selenium.SessionNotCreatedException: session not created: This version of ChromeDriver only supports Chrome version 123
Current browser version is 126.0.6478.182 with binary path C:\Program Files\Google\Chrome\Application\chrome.exe
Build info: version: '3.141.59', revision: 'e82be7d358', time: '2018-11-14T08:25:53'
System info: host: 'LAPTOP-QHK8KGDB', ip: '192.168.137.1', os.name: 'Windows 11', os.arch: 'amd64', os.version: '10.0', java.version: '17.0.10'
Driver info: driver.version: ChromeDriver
remote stacktrace: GetHandleVerifier [0x00007FF7DE247032+63090]
(No symbol) [0x00007FF7DE1B2C82]
(No symbol) [0x00007FF7DE04EC65]
(No symbol) [0x00007FF7DE0854C2]
(No symbol) [0x00007FF7DE0848CF]
(No symbol) [0x00007FF7DE07E8C5]
(No symbol) [0x00007FF7DE07B2F4]
(No symbol) [0x00007FF7DE0C0BFB]
(No symbol) [0x00007FF7DE0C0830]
(No symbol) [0x00007FF7DE0B6D83]
(No symbol) [0x00007FF7DE0883A8]
(No symbol) [0x00007FF7DE089441]
GetHandleVerifier [0x00007FF7DE6425AD+4238317]
GetHandleVerifier [0x00007FF7DE67F70D+4488525]
GetHandleVerifier [0x00007FF7DE6779EF+4456495]
GetHandleVerifier [0x00007FF7DE320576+953270]
(No symbol) [0x00007FF7DE1BE54F]
(No symbol) [0x00007FF7DE1B9224]
(No symbol) [0x00007FF7DE1B935B]
(No symbol) [0x00007FF7DE1A9B94]
BaseThreadInitThunk [0x00007FFF8FCC257D+29]
RtlUserThreadStart [0x00007FFF90ECAF28+40]

at java.base/jdk.internal.reflect.NativeConstructorAccessorImpl.newInstance0(Native Method)
at java.base/jdk.internal.reflect.NativeConstructorAccessorImpl.newInstance(NativeConstructorAccessorImpl.java:77)
at java.base/jdk.internal.reflect.DelegatingConstructorAccessorImpl.newInstance(DelegatingConstructorAccessorImpl.java:45)
at java.base/java.lang.reflect.Constructor.newInstanceWithCaller(Constructor.java:499)
at java.base/java.lang.reflect.Constructor.newInstance(Constructor.java:480)
at org.openqa.selenium.remote.W3CHandshakeResponse.lambda$errorHandler$0(W3CHandshakeResponse.java:62)
at org.openqa.selenium.remote.HandshakeResponse.lambda$getResponseFunction$0(HandshakeResponse.java:30)
at org.openqa.selenium.remote.ProtocolHandshake.lambda$createSession$0(ProtocolHandshake.java:126)
at java.base/java.util.stream.ReferencePipeline$3$1.accept(ReferencePipeline.java:197)
at java.base/java.util.Spliterators$ArraySpliterator.tryAdvance(Spliterators.java:1002)
at java.base/java.util.stream.ReferencePipeline.forEachWithCancel(ReferencePipeline.java:129)
at java.base/java.util.stream.AbstractPipeline.copyIntoWithCancel(AbstractPipeline.java:527)
at java.base/java.util.stream.AbstractPipeline.copyInto(AbstractPipeline.java:513)
at java.base/java.util.stream.AbstractPipeline.wrapAndCopyInto(AbstractPipeline.java:499)
at java.base/java.util.stream.FindOps$FindOp.evaluateSequential(FindOps.java:150)
at java.base/java.util.stream.AbstractPipeline.evaluate(AbstractPipeline.java:234)
at java.base/java.util.stream.ReferencePipeline.findFirst(ReferencePipeline.java:647)
at org.openqa.selenium.remote.ProtocolHandshake.createSession(ProtocolHandshake.java:128)
at org.openqa.selenium.remote.ProtocolHandshake.createSession(ProtocolHandshake.java:74)
at org.openqa.selenium.remote.HttpCommandExecutor.execute(HttpCommandExecutor.java:136)
at org.openqa.selenium.remote.service.DriverCommandExecutor.execute(DriverCommandExecutor.java:83)
at org.openqa.selenium.remote.RemoteWebDriver.execute(RemoteWebDriver.java:552)
at org.openqa.selenium.remote.RemoteWebDriver.startSession(RemoteWebDriver.java:213)
at org.openqa.selenium.remote.RemoteWebDriver.<init>(RemoteWebDriver.java:131)
at org.openqa.selenium.chrome.ChromeDriver.<init>(ChromeDriver.java:181)
at org.openqa.selenium.chrome.ChromeDriver.<init>(ChromeDriver.java:168)
at org.openqa.selenium.chrome.ChromeDriver.<init>(ChromeDriver.java:123)
at com.webtable.BaseTest.applicationLauch(BaseTest.java:20)
at java.base/jdk.internal.reflect.NativeMethodAccessorImpl.invoke0(Native Method)
at java.base/jdk.internal.reflect.NativeMethodAccessorImpl.invoke(NativeMethodAccessorImpl.java:77)
at java.base/jdk.internal.reflect.DelegatingMethodAccessorImpl.invoke(DelegatingMethodAccessorImpl.java:43)
at java.base/java.lang.reflect.Method.invoke(Method.java:568)
at org.testng.internal.MethodInvocationHelper.invokeMethod(MethodInvocationHelper.java:133)
at org.testng.internal.MethodInvocationHelper.invokeMethodConsideringTimeout(MethodInvocationHelper.java:62)
at org.testng.internal.ConfigInvoker.invokeConfigurationMethod(ConfigInvoker.java:385)
at org.testng.internal.ConfigInvoker.invokeConfigurations(ConfigInvoker.java:321)
at org.testng.TestRunner.invokeTestConfigurations(TestRunner.java:637)
at org.testng.TestRunner.beforeRun(TestRunner.java:627)
at org.testng.TestRunner.run(TestRunner.java:589)
at org.testng.SuiteRunner.runTest(SuiteRunner.java:377)
at org.testng.SuiteRunner.runSequentially(SuiteRunner.java:371)
at org.testng.SuiteRunner.privateRun(SuiteRunner.java:332)
at org.testng.SuiteRunner.run(SuiteRunner.java:276)
at org.testng.SuiteRunnerWorker.runSuite(SuiteRunnerWorker.java:53)
at org.testng.SuiteRunnerWorker.run(SuiteRunnerWorker.java:96)
at org.testng.TestNG.runSuitesSequentially(TestNG.java:1212)
at org.testng.TestNG.runSuitesLocally(TestNG.java:1134)
at org.testng.TestNG.runSuites(TestNG.java:1063)
at org.testng.TestNG.run(TestNG.java:1031)
at org.testng.remote.AbstractRemoteTestNG.run(AbstractRemoteTestNG.java:115)
at org.testng.remote.RemoteTestNG.initAndRun(RemoteTestNG.java:293)
at org.testng.remote.RemoteTestNG.main(RemoteTestNG.java:91)
]]>
    </error>
  </testcase> <!-- applicationLauch -->
  <system-out/>
  <testcase classname="com.webtable.WebTable_GetCityName_FirstRowOfFirstCell" name="webTable_getCityName" time="0.000">
    <skipped/>
  </testcase> <!-- webTable_getCityName -->
  <system-out/>
</testsuite> <!-- com.webtable.WebTable_GetCityName_FirstRowOfFirstCell -->
